Arguments: 
  /Users/bradleymckinley/IdeaProjects/sd/.mvn/node/node /Users/bradleymckinley/IdeaProjects/sd/.mvn/node/yarn/dist/bin/yarn.js run build

PATH: 
  /Users/bradleymckinley/IdeaProjects/sd/.mvn/node:/Users/bradleymckinley/IdeaProjects/sd/.mvn/node/yarn/dist/bin:/Users/bradleymckinley/.sdkman/candidates/kscript/current/bin:/Users/bradleymckinley/.sdkman/candidates/kotlin/current/bin:/Users/bradleymckinley/.sdkman/candidates/gradle/current/bin:/Users/bradleymckinley/.sdkman/candidates/ant/current/bin:/Library/emsdk:/Library/emsdk/fastcomp/emscripten:/Library/emsdk/node/12.9.1_64bit/bin:/usr/local/opt/node/bin:/usr/local/bin:/usr/bin:/bin:/usr/sbin:/sbin:/Library/Apple/usr/bin:/Library/Apple/bin:/Users/bradleymckinley/.konan/kotlin-native-macos-1.3.1/bin:/usr/local/share/dotnet:~/.dotnet/tools:/Library/Frameworks/Mono.framework/Versions/Current/Commands:/Applications/Postgres.app/Contents/Versions/latest/bin:/usr/local/lib/flutter/bin:

Yarn version: 
  1.5.1

Node version: 
  9.2.0

Platform: 
  darwin x64

npm manifest: 
  No manifest

yarn manifest: 
  No manifest

Lockfile: 
  No lockfile

Trace: 
  Error: Couldn't find a package.json file in "/Users/bradleymckinley/IdeaProjects/sd/src/main/app"
      at new MessageError (/Users/bradleymckinley/IdeaProjects/sd/.mvn/node/yarn/dist/lib/cli.js:186:110)
      at /Users/bradleymckinley/IdeaProjects/sd/.mvn/node/yarn/dist/lib/cli.js:40048:15
      at Generator.next (<anonymous>)
      at step (/Users/bradleymckinley/IdeaProjects/sd/.mvn/node/yarn/dist/lib/cli.js:98:30)
      at /Users/bradleymckinley/IdeaProjects/sd/.mvn/node/yarn/dist/lib/cli.js:109:13
      at <anonymous>
